2019-09-03 15:19:38.066  INFO 4504 --- [main] com.iala.cpd.ServiceApplicationTests     : Starting ServiceApplicationTests on DESKTOP-84NF5B0 with PID 4504 (started by Leandro in C:\Users\Leandro\git\repository\nutedusys\NUTRICAO)
2019-09-03 15:19:38.072  INFO 4504 --- [main] com.iala.cpd.ServiceApplicationTests     : No active profile set, falling back to default profiles: default
2019-09-03 15:19:40.995  INFO 4504 --- [main] .s.d.r.c.RepositoryConfigurationDelegate : Bootstrapping Spring Data repositories in DEFAULT mode.
2019-09-03 15:19:41.243  INFO 4504 --- [main] .s.d.r.c.RepositoryConfigurationDelegate : Finished Spring Data repository scanning in 224ms. Found 11 repository interfaces.
2019-09-03 15:19:42.284  INFO 4504 --- [main] trationDelegate$BeanPostProcessorChecker : Bean 'org.springframework.security.config.annotation.configuration.ObjectPostProcessorConfiguration' of type [org.springframework.security.config.annotation.configuration.ObjectPostProcessorConfiguration$$EnhancerBySpringCGLIB$$540c226a] is not eligible for getting processed by all BeanPostProcessors (for example: not eligible for auto-proxying)
2019-09-03 15:19:42.305  INFO 4504 --- [main] trationDelegate$BeanPostProcessorChecker : Bean 'org.springframework.transaction.annotation.ProxyTransactionManagementConfiguration' of type [org.springframework.transaction.annotation.ProxyTransactionManagementConfiguration$$EnhancerBySpringCGLIB$$bb5e5a30] is not eligible for getting processed by all BeanPostProcessors (for example: not eligible for auto-proxying)
2019-09-03 15:19:42.433  INFO 4504 --- [main] trationDelegate$BeanPostProcessorChecker : Bean 'objectPostProcessor' of type [org.springframework.security.config.annotation.configuration.AutowireBeanFactoryObjectPostProcessor] is not eligible for getting processed by all BeanPostProcessors (for example: not eligible for auto-proxying)
2019-09-03 15:19:42.454  INFO 4504 --- [main] trationDelegate$BeanPostProcessorChecker : Bean 'org.springframework.security.access.expression.method.DefaultMethodSecurityExpressionHandler@b016b4e' of type [org.springframework.security.access.expression.method.DefaultMethodSecurityExpressionHandler] is not eligible for getting processed by all BeanPostProcessors (for example: not eligible for auto-proxying)
2019-09-03 15:19:42.484  INFO 4504 --- [main] trationDelegate$BeanPostProcessorChecker : Bean 'org.springframework.security.config.annotation.method.configuration.GlobalMethodSecurityConfiguration' of type [org.springframework.security.config.annotation.method.configuration.GlobalMethodSecurityConfiguration$$EnhancerBySpringCGLIB$$78e0c51c] is not eligible for getting processed by all BeanPostProcessors (for example: not eligible for auto-proxying)
2019-09-03 15:19:42.521  INFO 4504 --- [main] trationDelegate$BeanPostProcessorChecker : Bean 'methodSecurityMetadataSource' of type [org.springframework.security.access.method.DelegatingMethodSecurityMetadataSource] is not eligible for getting processed by all BeanPostProcessors (for example: not eligible for auto-proxying)
2019-09-03 15:19:45.965  INFO 4504 --- [main] org.neo4j.ogm.metadata.DomainInfo        : Starting Post-processing phase
2019-09-03 15:19:45.967  INFO 4504 --- [main] org.neo4j.ogm.metadata.DomainInfo        : Building annotation class map
2019-09-03 15:19:45.968  INFO 4504 --- [main] org.neo4j.ogm.metadata.DomainInfo        : Building interface class map for 67 classes
2019-09-03 15:19:46.008  INFO 4504 --- [main] org.neo4j.ogm.metadata.DomainInfo        : Post-processing complete
2019-09-03 15:19:46.476  WARN 4504 --- [main] o.s.d.n.mapping.Neo4jPersistentProperty  : Owning ClassInfo is null for property: org.apache.commons.logging.Log.fatalEnabled
2019-09-03 15:19:46.500  WARN 4504 --- [main] o.s.d.n.mapping.Neo4jPersistentProperty  : Owning ClassInfo is null for property: org.apache.commons.logging.Log.errorEnabled
2019-09-03 15:19:46.507  WARN 4504 --- [main] o.s.d.n.mapping.Neo4jPersistentProperty  : Owning ClassInfo is null for property: org.apache.commons.logging.Log.infoEnabled
2019-09-03 15:19:46.514  WARN 4504 --- [main] o.s.d.n.mapping.Neo4jPersistentProperty  : Owning ClassInfo is null for property: org.apache.commons.logging.Log.debugEnabled
2019-09-03 15:19:46.527  WARN 4504 --- [main] o.s.d.n.mapping.Neo4jPersistentProperty  : Owning ClassInfo is null for property: org.apache.commons.logging.Log.traceEnabled
2019-09-03 15:19:46.532  WARN 4504 --- [main] o.s.d.n.mapping.Neo4jPersistentProperty  : Owning ClassInfo is null for property: org.apache.commons.logging.Log.warnEnabled
2019-09-03 15:19:46.550  WARN 4504 --- [main] o.s.d.n.mapping.Neo4jPersistentProperty  : Owning ClassInfo is null for property: org.springframework.context.ApplicationContext.parent
2019-09-03 15:19:46.556  WARN 4504 --- [main] o.s.d.n.mapping.Neo4jPersistentProperty  : Owning ClassInfo is null for property: org.springframework.context.ApplicationContext.environment
2019-09-03 15:19:46.563  WARN 4504 --- [main] o.s.d.n.mapping.Neo4jPersistentProperty  : Owning ClassInfo is null for property: org.springframework.context.ApplicationContext.classLoader
2019-09-03 15:19:46.570  WARN 4504 --- [main] o.s.d.n.mapping.Neo4jPersistentProperty  : Owning ClassInfo is null for property: org.springframework.context.ApplicationContext.displayName
2019-09-03 15:19:46.577  WARN 4504 --- [main] o.s.d.n.mapping.Neo4jPersistentProperty  : Owning ClassInfo is null for property: org.springframework.context.ApplicationContext.startupDate
2019-09-03 15:19:46.583  WARN 4504 --- [main] o.s.d.n.mapping.Neo4jPersistentProperty  : Owning ClassInfo is null for property: org.springframework.context.ApplicationContext.beanDefinitionCount
2019-09-03 15:19:46.594  WARN 4504 --- [main] o.s.d.n.mapping.Neo4jPersistentProperty  : Owning ClassInfo is null for property: org.springframework.context.ApplicationContext.autowireCapableBeanFactory
2019-09-03 15:19:46.597  WARN 4504 --- [main] o.s.d.n.mapping.Neo4jPersistentProperty  : Owning ClassInfo is null for property: org.springframework.context.ApplicationContext.beanDefinitionNames
2019-09-03 15:19:46.598  WARN 4504 --- [main] o.s.d.n.mapping.Neo4jPersistentProperty  : Owning ClassInfo is null for property: org.springframework.context.ApplicationContext.parentBeanFactory
2019-09-03 15:19:46.605  WARN 4504 --- [main] o.s.d.n.mapping.Neo4jPersistentProperty  : Owning ClassInfo is null for property: org.springframework.context.ApplicationContext.id
2019-09-03 15:19:46.609  WARN 4504 --- [main] o.s.d.n.mapping.Neo4jPersistentProperty  : Owning ClassInfo is null for property: org.springframework.context.ApplicationContext.applicationName
2019-09-03 15:19:46.613  INFO 4504 --- [main] o.s.d.neo4j.mapping.Neo4jMappingContext  : No class information found in OGM meta-data for class org.springframework.security.config.annotation.authentication.configuration.AuthenticationConfiguration so treating as simple type for SD Commons
2019-09-03 15:19:46.626  INFO 4504 --- [main] o.s.d.neo4j.mapping.Neo4jMappingContext  : No class information found in OGM meta-data for class org.springframework.security.config.annotation.authentication.builders.AuthenticationManagerBuilder so treating as simple type for SD Commons
2019-09-03 15:19:46.634  INFO 4504 --- [main] o.s.d.neo4j.mapping.Neo4jMappingContext  : No class information found in OGM meta-data for class org.springframework.security.config.annotation.web.builders.HttpSecurity so treating as simple type for SD Commons
2019-09-03 15:19:46.834  WARN 4504 --- [main] o.s.d.n.mapping.Neo4jPersistentProperty  : Owning ClassInfo is null for property: org.springframework.core.env.Environment.defaultProfiles
2019-09-03 15:19:46.840  WARN 4504 --- [main] o.s.d.n.mapping.Neo4jPersistentProperty  : Owning ClassInfo is null for property: org.springframework.core.env.Environment.activeProfiles
2019-09-03 15:19:46.856  WARN 4504 --- [main] o.s.d.n.mapping.Neo4jPersistentProperty  : Owning ClassInfo is null for property: javax.servlet.ServletContext.initParameterNames
2019-09-03 15:19:46.862  WARN 4504 --- [main] o.s.d.n.mapping.Neo4jPersistentProperty  : Owning ClassInfo is null for property: javax.servlet.ServletContext.virtualServerName
2019-09-03 15:19:46.868  WARN 4504 --- [main] o.s.d.n.mapping.Neo4jPersistentProperty  : Owning ClassInfo is null for property: javax.servlet.ServletContext.classLoader
2019-09-03 15:19:46.873  WARN 4504 --- [main] o.s.d.n.mapping.Neo4jPersistentProperty  : Owning ClassInfo is null for property: javax.servlet.ServletContext.filterRegistrations
2019-09-03 15:19:46.878  WARN 4504 --- [main] o.s.d.n.mapping.Neo4jPersistentProperty  : Owning ClassInfo is null for property: javax.servlet.ServletContext.servletNames
2019-09-03 15:19:46.885  WARN 4504 --- [main] o.s.d.n.mapping.Neo4jPersistentProperty  : Owning ClassInfo is null for property: javax.servlet.ServletContext.sessionTrackingModes
2019-09-03 15:19:46.892  WARN 4504 --- [main] o.s.d.n.mapping.Neo4jPersistentProperty  : Owning ClassInfo is null for property: javax.servlet.ServletContext.contextPath
2019-09-03 15:19:46.898  WARN 4504 --- [main] o.s.d.n.mapping.Neo4jPersistentProperty  : Owning ClassInfo is null for property: javax.servlet.ServletContext.defaultSessionTrackingModes
2019-09-03 15:19:46.903  WARN 4504 --- [main] o.s.d.n.mapping.Neo4jPersistentProperty  : Owning ClassInfo is null for property: javax.servlet.ServletContext.majorVersion
2019-09-03 15:19:46.908  WARN 4504 --- [main] o.s.d.n.mapping.Neo4jPersistentProperty  : Owning ClassInfo is null for property: javax.servlet.ServletContext.effectiveMinorVersion
2019-09-03 15:19:46.926  WARN 4504 --- [main] o.s.d.n.mapping.Neo4jPersistentProperty  : Owning ClassInfo is null for property: javax.servlet.ServletContext.sessionCookieConfig
2019-09-03 15:19:46.936  WARN 4504 --- [main] o.s.d.n.mapping.Neo4jPersistentProperty  : Owning ClassInfo is null for property: javax.servlet.ServletContext.effectiveSessionTrackingModes
2019-09-03 15:19:46.941  WARN 4504 --- [main] o.s.d.n.mapping.Neo4jPersistentProperty  : Owning ClassInfo is null for property: javax.servlet.ServletContext.attributeNames
2019-09-03 15:19:46.947  WARN 4504 --- [main] o.s.d.n.mapping.Neo4jPersistentProperty  : Owning ClassInfo is null for property: javax.servlet.ServletContext.serverInfo
2019-09-03 15:19:46.953  WARN 4504 --- [main] o.s.d.n.mapping.Neo4jPersistentProperty  : Owning ClassInfo is null for property: javax.servlet.ServletContext.servletRegistrations
2019-09-03 15:19:46.958  WARN 4504 --- [main] o.s.d.n.mapping.Neo4jPersistentProperty  : Owning ClassInfo is null for property: javax.servlet.ServletContext.jspConfigDescriptor
2019-09-03 15:19:46.964  WARN 4504 --- [main] o.s.d.n.mapping.Neo4jPersistentProperty  : Owning ClassInfo is null for property: javax.servlet.ServletContext.servlets
2019-09-03 15:19:46.969  WARN 4504 --- [main] o.s.d.n.mapping.Neo4jPersistentProperty  : Owning ClassInfo is null for property: javax.servlet.ServletContext.requestCharacterEncoding
2019-09-03 15:19:46.976  WARN 4504 --- [main] o.s.d.n.mapping.Neo4jPersistentProperty  : Owning ClassInfo is null for property: javax.servlet.ServletContext.responseCharacterEncoding
2019-09-03 15:19:46.984  WARN 4504 --- [main] o.s.d.n.mapping.Neo4jPersistentProperty  : Owning ClassInfo is null for property: javax.servlet.ServletContext.sessionTimeout
2019-09-03 15:19:46.989  WARN 4504 --- [main] o.s.d.n.mapping.Neo4jPersistentProperty  : Owning ClassInfo is null for property: javax.servlet.ServletContext.minorVersion
2019-09-03 15:19:46.996  WARN 4504 --- [main] o.s.d.n.mapping.Neo4jPersistentProperty  : Owning ClassInfo is null for property: javax.servlet.ServletContext.servletContextName
2019-09-03 15:19:47.001  WARN 4504 --- [main] o.s.d.n.mapping.Neo4jPersistentProperty  : Owning ClassInfo is null for property: javax.servlet.ServletContext.effectiveMajorVersion
2019-09-03 15:19:47.009  WARN 4504 --- [main] o.s.d.n.mapping.Neo4jPersistentProperty  : Owning ClassInfo is null for property: javax.servlet.FilterConfig.initParameterNames
2019-09-03 15:19:47.014  WARN 4504 --- [main] o.s.d.n.mapping.Neo4jPersistentProperty  : Owning ClassInfo is null for property: javax.servlet.FilterConfig.servletContext
2019-09-03 15:19:47.046  WARN 4504 --- [main] o.s.d.n.mapping.Neo4jPersistentProperty  : Owning ClassInfo is null for property: javax.servlet.FilterConfig.filterName
2019-09-03 15:19:47.069  WARN 4504 --- [main] o.s.d.n.mapping.Neo4jPersistentProperty  : Owning ClassInfo is null for property: org.springframework.security.core.GrantedAuthority.authority
2019-09-03 15:19:47.088  INFO 4504 --- [main] o.s.d.neo4j.mapping.Neo4jMappingContext  : Neo4jMappingContext initialisation completed
2019-09-03 15:19:48.525  INFO 4504 --- [main] o.s.s.web.DefaultSecurityFilterChain     : Creating filter chain: any request, [org.springframework.security.web.context.request.async.WebAsyncManagerIntegrationFilter@36327cec, org.springframework.security.web.context.SecurityContextPersistenceFilter@370c1968, org.springframework.security.web.header.HeaderWriterFilter@dd71b20, org.springframework.security.web.csrf.CsrfFilter@37c41ec0, com.iala.cpd.configurationCrsfFilter@410ae5ac, org.springframework.security.web.authentication.logout.LogoutFilter@6deee370, org.springframework.security.web.authentication.UsernamePasswordAuthenticationFilter@414f13fc, org.springframework.security.web.savedrequest.RequestCacheAwareFilter@3206174f, org.springframework.security.web.servletapi.SecurityContextHolderAwareRequestFilter@43aeb5e0, org.springframework.security.web.authentication.rememberme.RememberMeAuthenticationFilter@4693a9ef, org.springframework.security.web.authentication.AnonymousAuthenticationFilter@1a8df0b3, org.springframework.security.web.session.SessionManagementFilter@7b6c6e70, org.springframework.security.web.access.ExceptionTranslationFilter@106d77da, org.springframework.security.web.access.intercept.FilterSecurityInterceptor@2e09c51]
2019-09-03 15:19:49.587  INFO 4504 --- [main] o.s.s.concurrent.ThreadPoolTaskExecutor  : Initializing ExecutorService 'applicationTaskExecutor'
2019-09-03 15:19:50.685  INFO 4504 --- [main] o.s.b.a.w.s.WelcomePageHandlerMapping    : Adding welcome page template: index
2019-09-03 15:19:52.183  INFO 4504 --- [main] com.iala.cpd.ServiceApplicationTests     : Started ServiceApplicationTests in 15.048 seconds (JVM running for 16.836)
2019-09-03 15:19:53.295  INFO 4504 --- [Thread-3] o.s.s.concurrent.ThreadPoolTaskExecutor  : Shutting down ExecutorService 'applicationTaskExecutor'
